d:\冬季共同制作用\game\x64\debug\appframe.pdb
d:\冬季共同制作用\game\x64\debug\appframe.idb
d:\冬季共同制作用\appframe\x64\debug\winmain.obj
d:\冬季共同制作用\appframe\x64\debug\soundcomponent.obj
d:\冬季共同制作用\appframe\x64\debug\sceneserver.obj
d:\冬季共同制作用\appframe\x64\debug\scenefade.obj
d:\冬季共同制作用\appframe\x64\debug\scene.obj
d:\冬季共同制作用\appframe\x64\debug\vector4.obj
d:\冬季共同制作用\appframe\x64\debug\vector2.obj
d:\冬季共同制作用\appframe\x64\debug\utility.obj
d:\冬季共同制作用\appframe\x64\debug\todx.obj
d:\冬季共同制作用\appframe\x64\debug\matrix44.obj
d:\冬季共同制作用\appframe\x64\debug\inputcomponent.obj
d:\冬季共同制作用\appframe\x64\debug\assetserver.obj
d:\冬季共同制作用\game\x64\debug\appframe.lib
d:\冬季共同制作用\appframe\x64\debug\appframe.tlog\cl.command.1.tlog
d:\冬季共同制作用\appframe\x64\debug\appframe.tlog\cl.read.1.tlog
d:\冬季共同制作用\appframe\x64\debug\appframe.tlog\cl.write.1.tlog
d:\冬季共同制作用\appframe\x64\debug\appframe.tlog\lib-link.read.1.tlog
d:\冬季共同制作用\appframe\x64\debug\appframe.tlog\lib-link.write.1.tlog
d:\冬季共同制作用\appframe\x64\debug\appframe.tlog\lib.command.1.tlog
