  Game.cpp
C:\Program Files (x86)\Microsoft Visual Studio\2019\Community\VC\Tools\MSVC\14.29.30133\include\memory(3119,1): error C2027: 認識できない型 'MachineHuck::UI::UIComponent' が使われています。
C:\Users\amg\Desktop\冬季共同制作用_0114\冬季共同制作用_0111\AppFrame\source\Scene\Scene.h(17): message : 'MachineHuck::UI::UIComponent' の宣言を確認してください
C:\Program Files (x86)\Microsoft Visual Studio\2019\Community\VC\Tools\MSVC\14.29.30133\include\memory(3118): message : クラス テンプレート メンバー関数 'void std::default_delete<MachineHuck::UI::UIComponent>::operator ()(_Ty *) noexcept const' のコンパイル中
          with
          [
              _Ty=MachineHuck::UI::UIComponent
          ]
C:\Program Files (x86)\Microsoft Visual Studio\2019\Community\VC\Tools\MSVC\14.29.30133\include\memory(3230): message : コンパイル対象の関数 テンプレート インスタンス化 'void std::default_delete<MachineHuck::UI::UIComponent>::operator ()(_Ty *) noexcept const' のリファレンスを確認してください
          with
          [
              _Ty=MachineHuck::UI::UIComponent
          ]
C:\Program Files (x86)\Microsoft Visual Studio\2019\Community\VC\Tools\MSVC\14.29.30133\include\memory(3157): message : コンパイル対象の クラス テンプレート インスタンス化 'std::default_delete<MachineHuck::UI::UIComponent>' のリファレンスを確認してください
C:\Users\amg\Desktop\冬季共同制作用_0114\冬季共同制作用_0111\AppFrame\source\Game.h(124): message : コンパイル対象の クラス テンプレート インスタンス化 'std::unique_ptr<MachineHuck::UI::UIComponent,std::default_delete<MachineHuck::UI::UIComponent>>' のリファレンスを確認してください
C:\Program Files (x86)\Microsoft Visual Studio\2019\Community\VC\Tools\MSVC\14.29.30133\include\memory(3119,25): error C2338: can't delete an incomplete type
C:\Program Files (x86)\Microsoft Visual Studio\2019\Community\VC\Tools\MSVC\14.29.30133\include\memory(3120,1): warning C4150: 'MachineHuck::UI::UIComponent' 型を削除するため delete 演算子が呼び出されましたが、定義がありません。
C:\Users\amg\Desktop\冬季共同制作用_0114\冬季共同制作用_0111\AppFrame\source\Scene\Scene.h(17): message : 'MachineHuck::UI::UIComponent' の宣言を確認してください
  SceneInGame.cpp
C:\Users\amg\Desktop\冬季共同制作用_0114\冬季共同制作用_0111\Game\Game\source\Scene\SceneInGame.cpp(125,22): error C2027: 認識できない型 'MachineHuck::UI::UIComponent' が使われています。
C:\Users\amg\Desktop\冬季共同制作用_0114\冬季共同制作用_0111\AppFrame\source\Scene\Scene.h(17): message : 'MachineHuck::UI::UIComponent' の宣言を確認してください
C:\Users\amg\Desktop\冬季共同制作用_0114\冬季共同制作用_0111\Game\Game\source\Scene\SceneInGame.cpp(142,22): error C2027: 認識できない型 'MachineHuck::UI::UIComponent' が使われています。
C:\Users\amg\Desktop\冬季共同制作用_0114\冬季共同制作用_0111\AppFrame\source\Scene\Scene.h(17): message : 'MachineHuck::UI::UIComponent' の宣言を確認してください
C:\Users\amg\Desktop\冬季共同制作用_0114\冬季共同制作用_0111\Game\Game\source\Scene\SceneInGame.cpp(148,22): error C2027: 認識できない型 'MachineHuck::UI::UIComponent' が使われています。
C:\Users\amg\Desktop\冬季共同制作用_0114\冬季共同制作用_0111\AppFrame\source\Scene\Scene.h(17): message : 'MachineHuck::UI::UIComponent' の宣言を確認してください
  UIComponent.cpp
  コードを生成中...
