c:\users\amg\desktop\冬季共同制作用_0114\冬季共同制作用_0111\game\game\x64\debug\vc142.pdb
c:\users\amg\desktop\冬季共同制作用_0114\冬季共同制作用_0111\game\game\x64\debug\vc142.idb
c:\users\amg\desktop\冬季共同制作用_0114\冬季共同制作用_0111\game\game\x64\debug\eparam.obj
c:\users\amg\desktop\冬季共同制作用_0114\冬季共同制作用_0111\game\game\x64\debug\modelcomponent.obj
c:\users\amg\desktop\冬季共同制作用_0114\冬季共同制作用_0111\game\game\x64\debug\modelanimcomponent.obj
c:\users\amg\desktop\冬季共同制作用_0114\冬季共同制作用_0111\game\game\x64\debug\load.obj
c:\users\amg\desktop\冬季共同制作用_0114\冬季共同制作用_0111\game\game\x64\debug\jsonsave.obj
c:\users\amg\desktop\冬季共同制作用_0114\冬季共同制作用_0111\game\game\x64\debug\gimmickbase.obj
c:\users\amg\desktop\冬季共同制作用_0114\冬季共同制作用_0111\game\game\x64\debug\gimmick.obj
c:\users\amg\desktop\冬季共同制作用_0114\冬季共同制作用_0111\game\game\x64\debug\game.obj
c:\users\amg\desktop\冬季共同制作用_0114\冬季共同制作用_0111\game\game\x64\debug\enemyparameter.obj
c:\users\amg\desktop\冬季共同制作用_0114\冬季共同制作用_0111\game\game\x64\debug\enemybase.obj
c:\users\amg\desktop\冬季共同制作用_0114\冬季共同制作用_0111\game\game\x64\debug\tackleenemy.obj
c:\users\amg\desktop\冬季共同制作用_0114\冬季共同制作用_0111\game\game\x64\debug\effectwind.obj
c:\users\amg\desktop\冬季共同制作用_0114\冬季共同制作用_0111\game\game\x64\debug\effectserver.obj
c:\users\amg\desktop\冬季共同制作用_0114\冬季共同制作用_0111\game\game\x64\debug\effectlaser.obj
c:\users\amg\desktop\冬季共同制作用_0114\冬季共同制作用_0111\game\game\x64\debug\effectbase.obj
c:\users\amg\desktop\冬季共同制作用_0114\冬季共同制作用_0111\game\game\x64\debug\collisioncomponent.obj
c:\users\amg\desktop\冬季共同制作用_0114\冬季共同制作用_0111\game\game\x64\debug\cameracomponent.obj
c:\users\amg\desktop\冬季共同制作用_0114\冬季共同制作用_0111\game\game\x64\debug\actorserver.obj
c:\users\amg\desktop\冬季共同制作用_0114\冬季共同制作用_0111\game\game\x64\debug\actorfactory.obj
c:\users\amg\desktop\冬季共同制作用_0114\冬季共同制作用_0111\game\game\x64\debug\actor.obj
c:\users\amg\desktop\冬季共同制作用_0114\冬季共同制作用_0111\game\game\x64\debug\uicomponent.obj
c:\users\amg\desktop\冬季共同制作用_0114\冬季共同制作用_0111\game\game\x64\debug\statecomponent.obj
c:\users\amg\desktop\冬季共同制作用_0114\冬季共同制作用_0111\game\game\x64\debug\stageparameter.obj
c:\users\amg\desktop\冬季共同制作用_0114\冬季共同制作用_0111\game\game\x64\debug\stage.obj
c:\users\amg\desktop\冬季共同制作用_0114\冬季共同制作用_0111\game\game\x64\debug\shader.obj
c:\users\amg\desktop\冬季共同制作用_0114\冬季共同制作用_0111\game\game\x64\debug\scenetitle.obj
c:\users\amg\desktop\冬季共同制作用_0114\冬季共同制作用_0111\game\game\x64\debug\sceneteam.obj
c:\users\amg\desktop\冬季共同制作用_0114\冬季共同制作用_0111\game\game\x64\debug\sceneprologue.obj
c:\users\amg\desktop\冬季共同制作用_0114\冬季共同制作用_0111\game\game\x64\debug\sceneingame.obj
c:\users\amg\desktop\冬季共同制作用_0114\冬季共同制作用_0111\game\game\x64\debug\sceneepilogue.obj
c:\users\amg\desktop\冬季共同制作用_0114\冬季共同制作用_0111\game\game\x64\debug\sceneamg.obj
c:\users\amg\desktop\冬季共同制作用_0114\冬季共同制作用_0111\game\game\x64\debug\player.obj
c:\users\amg\desktop\冬季共同制作用_0114\冬季共同制作用_0111\game\game\x64\debug\stageparameterbase.obj
c:\users\amg\desktop\冬季共同制作用_0114\冬季共同制作用_0111\game\game\x64\debug\stageparam.obj
c:\users\amg\desktop\冬季共同制作用_0114\冬季共同制作用_0111\game\game\x64\debug\gstageparam.obj
c:\users\amg\desktop\冬季共同制作用_0114\冬季共同制作用_0111\game\game\x64\debug\gparam.obj
c:\users\amg\desktop\冬季共同制作用_0114\冬季共同制作用_0111\game\game\x64\debug\estageparam.obj
c:\users\amg\desktop\冬季共同制作用_0114\冬季共同制作用_0111\game\x64\debug\pixelshader.cso
c:\users\amg\desktop\冬季共同制作用_0114\冬季共同制作用_0111\game\x64\debug\vertexshader.cso
c:\users\amg\desktop\冬季共同制作用_0114\冬季共同制作用_0111\game\game\x64\debug\game.tlog\cl.command.1.tlog
c:\users\amg\desktop\冬季共同制作用_0114\冬季共同制作用_0111\game\game\x64\debug\game.tlog\cl.read.1.tlog
c:\users\amg\desktop\冬季共同制作用_0114\冬季共同制作用_0111\game\game\x64\debug\game.tlog\cl.write.1.tlog
c:\users\amg\desktop\冬季共同制作用_0114\冬季共同制作用_0111\game\game\x64\debug\game.tlog\fxc.command.1.tlog
c:\users\amg\desktop\冬季共同制作用_0114\冬季共同制作用_0111\game\game\x64\debug\game.tlog\fxc.read.1.tlog
c:\users\amg\desktop\冬季共同制作用_0114\冬季共同制作用_0111\game\game\x64\debug\game.tlog\fxc.write.1.tlog
